16:31:39 **** Build of configuration Debug for project Pruebas ****
make all 
Building file: ../src/Pruebas.c
Invoking: GCC C Compiler
gcc -O0 -g3 -Wall -c -fmessage-length=0 -MMD -MP -MF"src/Pruebas.d" -MT"src/Pruebas.o" -o "src/Pruebas.o" "../src/Pruebas.c"
../src/Pruebas.c:16:17: warning: '&&' within '||' [-Wlogical-op-parentheses]
   16 |         m = i++ && j++ && k++ || l++;
      |             ~~~~~~~~~~~^~~~~~ ~~
../src/Pruebas.c:16:17: note: place parentheses around the '&&' expression to silence this warning
   16 |         m = i++ && j++ && k++ || l++;
      |                        ^
      |             (                )
1 warning generated.
Finished building: ../src/Pruebas.c
 
Building target: Pruebas
Invoking: MacOS X C Linker
gcc  -o "Pruebas"  ./src/Pruebas.o   
Finished building target: Pruebas
 
16:31:49 **** Incremental Build of configuration Debug for project Pruebas ****
make all 
make: Nothing to be done for `all'.
